<?xml version="1.0" encoding="UTF-8"?>
<testsuite xmlns:xsi="http://www.w3.org/2001/XMLSchema-instance" xsi:noNamespaceSchemaLocation="https://maven.apache.org/surefire/maven-surefire-plugin/xsd/surefire-test-report-3.0.xsd" version="3.0" name="com.example.repository.ProductRepositoryTest" time="1.178" tests="9" errors="0" skipped="0" failures="0">
  <properties>
    <property name="java.specification.version" value="17"/>
    <property name="sun.cpu.isalist" value="amd64"/>
    <property name="sun.jnu.encoding" value="Cp1252"/>
    <property name="java.class.path" value="D:\i-Folder\TRAINING\1. Github Copilot\FSAF1GCopilotSpringBootAssignments\Assignment-20250710\ecommerce-platform\target\test-classes;D:\i-Folder\TRAINING\1. Github Copilot\FSAF1GCopilotSpringBootAssignments\Assignment-20250710\ecommerce-platform\target\classes;C:\Users\rouki\.m2\repository\org\springframework\boot\spring-boot-starter-web\3.2.6\spring-boot-starter-web-3.2.6.jar;C:\Users\rouki\.m2\repository\org\springframework\boot\spring-boot-starter\3.2.6\spring-boot-starter-3.2.6.jar;C:\Users\rouki\.m2\repository\org\springframework\boot\spring-boot-starter-logging\3.2.6\spring-boot-starter-logging-3.2.6.jar;C:\Users\rouki\.m2\repository\ch\qos\logback\logback-classic\1.4.14\logback-classic-1.4.14.jar;C:\Users\rouki\.m2\repository\ch\qos\logback\logback-core\1.4.14\logback-core-1.4.14.jar;C:\Users\rouki\.m2\repository\org\apache\logging\log4j\log4j-to-slf4j\2.21.1\log4j-to-slf4j-2.21.1.jar;C:\Users\rouki\.m2\repository\org\apache\logging\log4j\log4j-api\2.21.1\log4j-api-2.21.1.jar;C:\Users\rouki\.m2\repository\org\slf4j\jul-to-slf4j\2.0.13\jul-to-slf4j-2.0.13.jar;C:\Users\rouki\.m2\repository\jakarta\annotation\jakarta.annotation-api\2.1.1\jakarta.annotation-api-2.1.1.jar;C:\Users\rouki\.m2\repository\org\yaml\snakeyaml\2.2\snakeyaml-2.2.jar;C:\Users\rouki\.m2\repository\org\springframework\boot\spring-boot-starter-json\3.2.6\spring-boot-starter-json-3.2.6.jar;C:\Users\rouki\.m2\repository\com\fasterxml\jackson\core\jackson-databind\2.15.4\jackson-databind-2.15.4.jar;C:\Users\rouki\.m2\repository\com\fasterxml\jackson\core\jackson-annotations\2.15.4\jackson-annotations-2.15.4.jar;C:\Users\rouki\.m2\repository\com\fasterxml\jackson\core\jackson-core\2.15.4\jackson-core-2.15.4.jar;C:\Users\rouki\.m2\repository\com\fasterxml\jackson\datatype\jackson-datatype-jdk8\2.15.4\jackson-datatype-jdk8-2.15.4.jar;C:\Users\rouki\.m2\repository\com\fasterxml\jackson\datatype\jackson-datatype-jsr310\2.15.4\jackson-datatype-jsr310-2.15.4.jar;C:\Users\rouki\.m2\repository\com\fasterxml\jackson\module\jackson-module-parameter-names\2.15.4\jackson-module-parameter-names-2.15.4.jar;C:\Users\rouki\.m2\repository\org\springframework\boot\spring-boot-starter-tomcat\3.2.6\spring-boot-starter-tomcat-3.2.6.jar;C:\Users\rouki\.m2\repository\org\apache\tomcat\embed\tomcat-embed-core\10.1.24\tomcat-embed-core-10.1.24.jar;C:\Users\rouki\.m2\repository\org\apache\tomcat\embed\tomcat-embed-websocket\10.1.24\tomcat-embed-websocket-10.1.24.jar;C:\Users\rouki\.m2\repository\org\springframework\spring-web\6.1.8\spring-web-6.1.8.jar;C:\Users\rouki\.m2\repository\org\springframework\spring-beans\6.1.8\spring-beans-6.1.8.jar;C:\Users\rouki\.m2\repository\io\micrometer\micrometer-observation\1.12.6\micrometer-observation-1.12.6.jar;C:\Users\rouki\.m2\repository\io\micrometer\micrometer-commons\1.12.6\micrometer-commons-1.12.6.jar;C:\Users\rouki\.m2\repository\org\springframework\spring-webmvc\6.1.8\spring-webmvc-6.1.8.jar;C:\Users\rouki\.m2\repository\org\springframework\spring-aop\6.1.8\spring-aop-6.1.8.jar;C:\Users\rouki\.m2\repository\org\springframework\spring-context\6.1.8\spring-context-6.1.8.jar;C:\Users\rouki\.m2\repository\org\springframework\spring-expression\6.1.8\spring-expression-6.1.8.jar;C:\Users\rouki\.m2\repository\org\springframework\boot\spring-boot-starter-validation\3.2.6\spring-boot-starter-validation-3.2.6.jar;C:\Users\rouki\.m2\repository\org\apache\tomcat\embed\tomcat-embed-el\10.1.24\tomcat-embed-el-10.1.24.jar;C:\Users\rouki\.m2\repository\org\hibernate\validator\hibernate-validator\8.0.1.Final\hibernate-validator-8.0.1.Final.jar;C:\Users\rouki\.m2\repository\jakarta\validation\jakarta.validation-api\3.0.2\jakarta.validation-api-3.0.2.jar;C:\Users\rouki\.m2\repository\org\jboss\logging\jboss-logging\3.5.3.Final\jboss-logging-3.5.3.Final.jar;C:\Users\rouki\.m2\repository\com\fasterxml\classmate\1.6.0\classmate-1.6.0.jar;C:\Users\rouki\.m2\repository\org\springframework\boot\spring-boot-starter-data-jpa\3.2.6\spring-boot-starter-data-jpa-3.2.6.jar;C:\Users\rouki\.m2\repository\org\springframework\boot\spring-boot-starter-aop\3.2.6\spring-boot-starter-aop-3.2.6.jar;C:\Users\rouki\.m2\repository\org\aspectj\aspectjweaver\1.9.22\aspectjweaver-1.9.22.jar;C:\Users\rouki\.m2\repository\org\springframework\boot\spring-boot-starter-jdbc\3.2.6\spring-boot-starter-jdbc-3.2.6.jar;C:\Users\rouki\.m2\repository\com\zaxxer\HikariCP\5.0.1\HikariCP-5.0.1.jar;C:\Users\rouki\.m2\repository\org\springframework\spring-jdbc\6.1.8\spring-jdbc-6.1.8.jar;C:\Users\rouki\.m2\repository\org\hibernate\orm\hibernate-core\6.4.8.Final\hibernate-core-6.4.8.Final.jar;C:\Users\rouki\.m2\repository\jakarta\persistence\jakarta.persistence-api\3.1.0\jakarta.persistence-api-3.1.0.jar;C:\Users\rouki\.m2\repository\jakarta\transaction\jakarta.transaction-api\2.0.1\jakarta.transaction-api-2.0.1.jar;C:\Users\rouki\.m2\repository\org\hibernate\common\hibernate-commons-annotations\6.0.6.Final\hibernate-commons-annotations-6.0.6.Final.jar;C:\Users\rouki\.m2\repository\io\smallrye\jandex\3.1.2\jandex-3.1.2.jar;C:\Users\rouki\.m2\repository\net\bytebuddy\byte-buddy\1.14.16\byte-buddy-1.14.16.jar;C:\Users\rouki\.m2\repository\org\glassfish\jaxb\jaxb-runtime\4.0.5\jaxb-runtime-4.0.5.jar;C:\Users\rouki\.m2\repository\org\glassfish\jaxb\jaxb-core\4.0.5\jaxb-core-4.0.5.jar;C:\Users\rouki\.m2\repository\org\eclipse\angus\angus-activation\2.0.2\angus-activation-2.0.2.jar;C:\Users\rouki\.m2\repository\org\glassfish\jaxb\txw2\4.0.5\txw2-4.0.5.jar;C:\Users\rouki\.m2\repository\com\sun\istack\istack-commons-runtime\4.1.2\istack-commons-runtime-4.1.2.jar;C:\Users\rouki\.m2\repository\jakarta\inject\jakarta.inject-api\2.0.1\jakarta.inject-api-2.0.1.jar;C:\Users\rouki\.m2\repository\org\antlr\antlr4-runtime\4.13.0\antlr4-runtime-4.13.0.jar;C:\Users\rouki\.m2\repository\org\springframework\data\spring-data-jpa\3.2.6\spring-data-jpa-3.2.6.jar;C:\Users\rouki\.m2\repository\org\springframework\data\spring-data-commons\3.2.6\spring-data-commons-3.2.6.jar;C:\Users\rouki\.m2\repository\org\springframework\spring-orm\6.1.8\spring-orm-6.1.8.jar;C:\Users\rouki\.m2\repository\org\springframework\spring-tx\6.1.8\spring-tx-6.1.8.jar;C:\Users\rouki\.m2\repository\org\slf4j\slf4j-api\2.0.13\slf4j-api-2.0.13.jar;C:\Users\rouki\.m2\repository\org\springframework\spring-aspects\6.1.8\spring-aspects-6.1.8.jar;C:\Users\rouki\.m2\repository\com\oracle\database\jdbc\ojdbc8\21.9.0.0\ojdbc8-21.9.0.0.jar;C:\Users\rouki\.m2\repository\org\projectlombok\lombok\1.18.32\lombok-1.18.32.jar;C:\Users\rouki\.m2\repository\org\springframework\boot\spring-boot-starter-test\3.2.6\spring-boot-starter-test-3.2.6.jar;C:\Users\rouki\.m2\repository\org\springframework\boot\spring-boot-test\3.2.6\spring-boot-test-3.2.6.jar;C:\Users\rouki\.m2\repository\org\springframework\boot\spring-boot-test-autoconfigure\3.2.6\spring-boot-test-autoconfigure-3.2.6.jar;C:\Users\rouki\.m2\repository\com\jayway\jsonpath\json-path\2.9.0\json-path-2.9.0.jar;C:\Users\rouki\.m2\repository\jakarta\xml\bind\jakarta.xml.bind-api\4.0.2\jakarta.xml.bind-api-4.0.2.jar;C:\Users\rouki\.m2\repository\jakarta\activation\jakarta.activation-api\2.1.3\jakarta.activation-api-2.1.3.jar;C:\Users\rouki\.m2\repository\net\minidev\json-smart\2.5.1\json-smart-2.5.1.jar;C:\Users\rouki\.m2\repository\net\minidev\accessors-smart\2.5.1\accessors-smart-2.5.1.jar;C:\Users\rouki\.m2\repository\org\ow2\asm\asm\9.6\asm-9.6.jar;C:\Users\rouki\.m2\repository\org\assertj\assertj-core\3.24.2\assertj-core-3.24.2.jar;C:\Users\rouki\.m2\repository\org\awaitility\awaitility\4.2.1\awaitility-4.2.1.jar;C:\Users\rouki\.m2\repository\org\hamcrest\hamcrest\2.2\hamcrest-2.2.jar;C:\Users\rouki\.m2\repository\org\junit\jupiter\junit-jupiter\5.10.2\junit-jupiter-5.10.2.jar;C:\Users\rouki\.m2\repository\org\junit\jupiter\junit-jupiter-api\5.10.2\junit-jupiter-api-5.10.2.jar;C:\Users\rouki\.m2\repository\org\opentest4j\opentest4j\1.3.0\opentest4j-1.3.0.jar;C:\Users\rouki\.m2\repository\org\junit\platform\junit-platform-commons\1.10.2\junit-platform-commons-1.10.2.jar;C:\Users\rouki\.m2\repository\org\apiguardian\apiguardian-api\1.1.2\apiguardian-api-1.1.2.jar;C:\Users\rouki\.m2\repository\org\junit\jupiter\junit-jupiter-params\5.10.2\junit-jupiter-params-5.10.2.jar;C:\Users\rouki\.m2\repository\org\junit\jupiter\junit-jupiter-engine\5.10.2\junit-jupiter-engine-5.10.2.jar;C:\Users\rouki\.m2\repository\org\junit\platform\junit-platform-engine\1.10.2\junit-platform-engine-1.10.2.jar;C:\Users\rouki\.m2\repository\org\mockito\mockito-core\5.7.0\mockito-core-5.7.0.jar;C:\Users\rouki\.m2\repository\net\bytebuddy\byte-buddy-agent\1.14.16\byte-buddy-agent-1.14.16.jar;C:\Users\rouki\.m2\repository\org\objenesis\objenesis\3.3\objenesis-3.3.jar;C:\Users\rouki\.m2\repository\org\mockito\mockito-junit-jupiter\5.7.0\mockito-junit-jupiter-5.7.0.jar;C:\Users\rouki\.m2\repository\org\skyscreamer\jsonassert\1.5.1\jsonassert-1.5.1.jar;C:\Users\rouki\.m2\repository\com\vaadin\external\google\android-json\0.0.20131108.vaadin1\android-json-0.0.20131108.vaadin1.jar;C:\Users\rouki\.m2\repository\org\springframework\spring-core\6.1.8\spring-core-6.1.8.jar;C:\Users\rouki\.m2\repository\org\springframework\spring-jcl\6.1.8\spring-jcl-6.1.8.jar;C:\Users\rouki\.m2\repository\org\springframework\spring-test\6.1.8\spring-test-6.1.8.jar;C:\Users\rouki\.m2\repository\org\xmlunit\xmlunit-core\2.9.1\xmlunit-core-2.9.1.jar;C:\Users\rouki\.m2\repository\org\springdoc\springdoc-openapi-starter-webmvc-ui\2.5.0\springdoc-openapi-starter-webmvc-ui-2.5.0.jar;C:\Users\rouki\.m2\repository\org\springdoc\springdoc-openapi-starter-webmvc-api\2.5.0\springdoc-openapi-starter-webmvc-api-2.5.0.jar;C:\Users\rouki\.m2\repository\org\springdoc\springdoc-openapi-starter-common\2.5.0\springdoc-openapi-starter-common-2.5.0.jar;C:\Users\rouki\.m2\repository\io\swagger\core\v3\swagger-core-jakarta\2.2.21\swagger-core-jakarta-2.2.21.jar;C:\Users\rouki\.m2\repository\org\apache\commons\commons-lang3\3.13.0\commons-lang3-3.13.0.jar;C:\Users\rouki\.m2\repository\io\swagger\core\v3\swagger-annotations-jakarta\2.2.21\swagger-annotations-jakarta-2.2.21.jar;C:\Users\rouki\.m2\repository\io\swagger\core\v3\swagger-models-jakarta\2.2.21\swagger-models-jakarta-2.2.21.jar;C:\Users\rouki\.m2\repository\com\fasterxml\jackson\dataformat\jackson-dataformat-yaml\2.15.4\jackson-dataformat-yaml-2.15.4.jar;C:\Users\rouki\.m2\repository\org\webjars\swagger-ui\5.13.0\swagger-ui-5.13.0.jar;C:\Users\rouki\.m2\repository\org\springframework\boot\spring-boot-devtools\3.2.6\spring-boot-devtools-3.2.6.jar;C:\Users\rouki\.m2\repository\org\springframework\boot\spring-boot\3.2.6\spring-boot-3.2.6.jar;C:\Users\rouki\.m2\repository\org\springframework\boot\spring-boot-autoconfigure\3.2.6\spring-boot-autoconfigure-3.2.6.jar;C:\Users\rouki\.m2\repository\org\testcontainers\oracle-xe\1.19.7\oracle-xe-1.19.7.jar;C:\Users\rouki\.m2\repository\org\testcontainers\jdbc\1.19.8\jdbc-1.19.8.jar;C:\Users\rouki\.m2\repository\org\testcontainers\database-commons\1.19.8\database-commons-1.19.8.jar;C:\Users\rouki\.m2\repository\org\testcontainers\testcontainers\1.19.8\testcontainers-1.19.8.jar;C:\Users\rouki\.m2\repository\junit\junit\4.13.2\junit-4.13.2.jar;C:\Users\rouki\.m2\repository\org\hamcrest\hamcrest-core\2.2\hamcrest-core-2.2.jar;C:\Users\rouki\.m2\repository\org\apache\commons\commons-compress\1.24.0\commons-compress-1.24.0.jar;C:\Users\rouki\.m2\repository\org\rnorth\duct-tape\duct-tape\1.0.8\duct-tape-1.0.8.jar;C:\Users\rouki\.m2\repository\org\jetbrains\annotations\17.0.0\annotations-17.0.0.jar;C:\Users\rouki\.m2\repository\com\github\docker-java\docker-java-api\3.3.6\docker-java-api-3.3.6.jar;C:\Users\rouki\.m2\repository\com\github\docker-java\docker-java-transport-zerodep\3.3.6\docker-java-transport-zerodep-3.3.6.jar;C:\Users\rouki\.m2\repository\com\github\docker-java\docker-java-transport\3.3.6\docker-java-transport-3.3.6.jar;C:\Users\rouki\.m2\repository\net\java\dev\jna\jna\5.13.0\jna-5.13.0.jar;"/>
    <property name="java.vm.vendor" value="Eclipse Adoptium"/>
    <property name="sun.arch.data.model" value="64"/>
    <property name="user.variant" value=""/>
    <property name="java.vendor.url" value="https://adoptium.net/"/>
    <property name="user.timezone" value="Asia/Saigon"/>
    <property name="org.jboss.logging.provider" value="slf4j"/>
    <property name="os.name" value="Windows 11"/>
    <property name="java.vm.specification.version" value="17"/>
    <property name="sun.java.launcher" value="SUN_STANDARD"/>
    <property name="user.country" value="US"/>
    <property name="sun.boot.library.path" value="C:\Program Files\Eclipse Adoptium\jdk-17.0.15.6-hotspot\bin"/>
    <property name="sun.java.command" value="C:\Users\rouki\AppData\Local\Temp\surefire15455940134476096366\surefirebooter-20250710233032560_3.jar C:\Users\rouki\AppData\Local\Temp\surefire15455940134476096366 2025-07-10T23-30-32_427-jvmRun1 surefire-20250710233032560_1tmp surefire_0-20250710233032560_2tmp"/>
    <property name="jdk.debug" value="release"/>
    <property name="surefire.test.class.path" value="D:\i-Folder\TRAINING\1. Github Copilot\FSAF1GCopilotSpringBootAssignments\Assignment-20250710\ecommerce-platform\target\test-classes;D:\i-Folder\TRAINING\1. Github Copilot\FSAF1GCopilotSpringBootAssignments\Assignment-20250710\ecommerce-platform\target\classes;C:\Users\rouki\.m2\repository\org\springframework\boot\spring-boot-starter-web\3.2.6\spring-boot-starter-web-3.2.6.jar;C:\Users\rouki\.m2\repository\org\springframework\boot\spring-boot-starter\3.2.6\spring-boot-starter-3.2.6.jar;C:\Users\rouki\.m2\repository\org\springframework\boot\spring-boot-starter-logging\3.2.6\spring-boot-starter-logging-3.2.6.jar;C:\Users\rouki\.m2\repository\ch\qos\logback\logback-classic\1.4.14\logback-classic-1.4.14.jar;C:\Users\rouki\.m2\repository\ch\qos\logback\logback-core\1.4.14\logback-core-1.4.14.jar;C:\Users\rouki\.m2\repository\org\apache\logging\log4j\log4j-to-slf4j\2.21.1\log4j-to-slf4j-2.21.1.jar;C:\Users\rouki\.m2\repository\org\apache\logging\log4j\log4j-api\2.21.1\log4j-api-2.21.1.jar;C:\Users\rouki\.m2\repository\org\slf4j\jul-to-slf4j\2.0.13\jul-to-slf4j-2.0.13.jar;C:\Users\rouki\.m2\repository\jakarta\annotation\jakarta.annotation-api\2.1.1\jakarta.annotation-api-2.1.1.jar;C:\Users\rouki\.m2\repository\org\yaml\snakeyaml\2.2\snakeyaml-2.2.jar;C:\Users\rouki\.m2\repository\org\springframework\boot\spring-boot-starter-json\3.2.6\spring-boot-starter-json-3.2.6.jar;C:\Users\rouki\.m2\repository\com\fasterxml\jackson\core\jackson-databind\2.15.4\jackson-databind-2.15.4.jar;C:\Users\rouki\.m2\repository\com\fasterxml\jackson\core\jackson-annotations\2.15.4\jackson-annotations-2.15.4.jar;C:\Users\rouki\.m2\repository\com\fasterxml\jackson\core\jackson-core\2.15.4\jackson-core-2.15.4.jar;C:\Users\rouki\.m2\repository\com\fasterxml\jackson\datatype\jackson-datatype-jdk8\2.15.4\jackson-datatype-jdk8-2.15.4.jar;C:\Users\rouki\.m2\repository\com\fasterxml\jackson\datatype\jackson-datatype-jsr310\2.15.4\jackson-datatype-jsr310-2.15.4.jar;C:\Users\rouki\.m2\repository\com\fasterxml\jackson\module\jackson-module-parameter-names\2.15.4\jackson-module-parameter-names-2.15.4.jar;C:\Users\rouki\.m2\repository\org\springframework\boot\spring-boot-starter-tomcat\3.2.6\spring-boot-starter-tomcat-3.2.6.jar;C:\Users\rouki\.m2\repository\org\apache\tomcat\embed\tomcat-embed-core\10.1.24\tomcat-embed-core-10.1.24.jar;C:\Users\rouki\.m2\repository\org\apache\tomcat\embed\tomcat-embed-websocket\10.1.24\tomcat-embed-websocket-10.1.24.jar;C:\Users\rouki\.m2\repository\org\springframework\spring-web\6.1.8\spring-web-6.1.8.jar;C:\Users\rouki\.m2\repository\org\springframework\spring-beans\6.1.8\spring-beans-6.1.8.jar;C:\Users\rouki\.m2\repository\io\micrometer\micrometer-observation\1.12.6\micrometer-observation-1.12.6.jar;C:\Users\rouki\.m2\repository\io\micrometer\micrometer-commons\1.12.6\micrometer-commons-1.12.6.jar;C:\Users\rouki\.m2\repository\org\springframework\spring-webmvc\6.1.8\spring-webmvc-6.1.8.jar;C:\Users\rouki\.m2\repository\org\springframework\spring-aop\6.1.8\spring-aop-6.1.8.jar;C:\Users\rouki\.m2\repository\org\springframework\spring-context\6.1.8\spring-context-6.1.8.jar;C:\Users\rouki\.m2\repository\org\springframework\spring-expression\6.1.8\spring-expression-6.1.8.jar;C:\Users\rouki\.m2\repository\org\springframework\boot\spring-boot-starter-validation\3.2.6\spring-boot-starter-validation-3.2.6.jar;C:\Users\rouki\.m2\repository\org\apache\tomcat\embed\tomcat-embed-el\10.1.24\tomcat-embed-el-10.1.24.jar;C:\Users\rouki\.m2\repository\org\hibernate\validator\hibernate-validator\8.0.1.Final\hibernate-validator-8.0.1.Final.jar;C:\Users\rouki\.m2\repository\jakarta\validation\jakarta.validation-api\3.0.2\jakarta.validation-api-3.0.2.jar;C:\Users\rouki\.m2\repository\org\jboss\logging\jboss-logging\3.5.3.Final\jboss-logging-3.5.3.Final.jar;C:\Users\rouki\.m2\repository\com\fasterxml\classmate\1.6.0\classmate-1.6.0.jar;C:\Users\rouki\.m2\repository\org\springframework\boot\spring-boot-starter-data-jpa\3.2.6\spring-boot-starter-data-jpa-3.2.6.jar;C:\Users\rouki\.m2\repository\org\springframework\boot\spring-boot-starter-aop\3.2.6\spring-boot-starter-aop-3.2.6.jar;C:\Users\rouki\.m2\repository\org\aspectj\aspectjweaver\1.9.22\aspectjweaver-1.9.22.jar;C:\Users\rouki\.m2\repository\org\springframework\boot\spring-boot-starter-jdbc\3.2.6\spring-boot-starter-jdbc-3.2.6.jar;C:\Users\rouki\.m2\repository\com\zaxxer\HikariCP\5.0.1\HikariCP-5.0.1.jar;C:\Users\rouki\.m2\repository\org\springframework\spring-jdbc\6.1.8\spring-jdbc-6.1.8.jar;C:\Users\rouki\.m2\repository\org\hibernate\orm\hibernate-core\6.4.8.Final\hibernate-core-6.4.8.Final.jar;C:\Users\rouki\.m2\repository\jakarta\persistence\jakarta.persistence-api\3.1.0\jakarta.persistence-api-3.1.0.jar;C:\Users\rouki\.m2\repository\jakarta\transaction\jakarta.transaction-api\2.0.1\jakarta.transaction-api-2.0.1.jar;C:\Users\rouki\.m2\repository\org\hibernate\common\hibernate-commons-annotations\6.0.6.Final\hibernate-commons-annotations-6.0.6.Final.jar;C:\Users\rouki\.m2\repository\io\smallrye\jandex\3.1.2\jandex-3.1.2.jar;C:\Users\rouki\.m2\repository\net\bytebuddy\byte-buddy\1.14.16\byte-buddy-1.14.16.jar;C:\Users\rouki\.m2\repository\org\glassfish\jaxb\jaxb-runtime\4.0.5\jaxb-runtime-4.0.5.jar;C:\Users\rouki\.m2\repository\org\glassfish\jaxb\jaxb-core\4.0.5\jaxb-core-4.0.5.jar;C:\Users\rouki\.m2\repository\org\eclipse\angus\angus-activation\2.0.2\angus-activation-2.0.2.jar;C:\Users\rouki\.m2\repository\org\glassfish\jaxb\txw2\4.0.5\txw2-4.0.5.jar;C:\Users\rouki\.m2\repository\com\sun\istack\istack-commons-runtime\4.1.2\istack-commons-runtime-4.1.2.jar;C:\Users\rouki\.m2\repository\jakarta\inject\jakarta.inject-api\2.0.1\jakarta.inject-api-2.0.1.jar;C:\Users\rouki\.m2\repository\org\antlr\antlr4-runtime\4.13.0\antlr4-runtime-4.13.0.jar;C:\Users\rouki\.m2\repository\org\springframework\data\spring-data-jpa\3.2.6\spring-data-jpa-3.2.6.jar;C:\Users\rouki\.m2\repository\org\springframework\data\spring-data-commons\3.2.6\spring-data-commons-3.2.6.jar;C:\Users\rouki\.m2\repository\org\springframework\spring-orm\6.1.8\spring-orm-6.1.8.jar;C:\Users\rouki\.m2\repository\org\springframework\spring-tx\6.1.8\spring-tx-6.1.8.jar;C:\Users\rouki\.m2\repository\org\slf4j\slf4j-api\2.0.13\slf4j-api-2.0.13.jar;C:\Users\rouki\.m2\repository\org\springframework\spring-aspects\6.1.8\spring-aspects-6.1.8.jar;C:\Users\rouki\.m2\repository\com\oracle\database\jdbc\ojdbc8\21.9.0.0\ojdbc8-21.9.0.0.jar;C:\Users\rouki\.m2\repository\org\projectlombok\lombok\1.18.32\lombok-1.18.32.jar;C:\Users\rouki\.m2\repository\org\springframework\boot\spring-boot-starter-test\3.2.6\spring-boot-starter-test-3.2.6.jar;C:\Users\rouki\.m2\repository\org\springframework\boot\spring-boot-test\3.2.6\spring-boot-test-3.2.6.jar;C:\Users\rouki\.m2\repository\org\springframework\boot\spring-boot-test-autoconfigure\3.2.6\spring-boot-test-autoconfigure-3.2.6.jar;C:\Users\rouki\.m2\repository\com\jayway\jsonpath\json-path\2.9.0\json-path-2.9.0.jar;C:\Users\rouki\.m2\repository\jakarta\xml\bind\jakarta.xml.bind-api\4.0.2\jakarta.xml.bind-api-4.0.2.jar;C:\Users\rouki\.m2\repository\jakarta\activation\jakarta.activation-api\2.1.3\jakarta.activation-api-2.1.3.jar;C:\Users\rouki\.m2\repository\net\minidev\json-smart\2.5.1\json-smart-2.5.1.jar;C:\Users\rouki\.m2\repository\net\minidev\accessors-smart\2.5.1\accessors-smart-2.5.1.jar;C:\Users\rouki\.m2\repository\org\ow2\asm\asm\9.6\asm-9.6.jar;C:\Users\rouki\.m2\repository\org\assertj\assertj-core\3.24.2\assertj-core-3.24.2.jar;C:\Users\rouki\.m2\repository\org\awaitility\awaitility\4.2.1\awaitility-4.2.1.jar;C:\Users\rouki\.m2\repository\org\hamcrest\hamcrest\2.2\hamcrest-2.2.jar;C:\Users\rouki\.m2\repository\org\junit\jupiter\junit-jupiter\5.10.2\junit-jupiter-5.10.2.jar;C:\Users\rouki\.m2\repository\org\junit\jupiter\junit-jupiter-api\5.10.2\junit-jupiter-api-5.10.2.jar;C:\Users\rouki\.m2\repository\org\opentest4j\opentest4j\1.3.0\opentest4j-1.3.0.jar;C:\Users\rouki\.m2\repository\org\junit\platform\junit-platform-commons\1.10.2\junit-platform-commons-1.10.2.jar;C:\Users\rouki\.m2\repository\org\apiguardian\apiguardian-api\1.1.2\apiguardian-api-1.1.2.jar;C:\Users\rouki\.m2\repository\org\junit\jupiter\junit-jupiter-params\5.10.2\junit-jupiter-params-5.10.2.jar;C:\Users\rouki\.m2\repository\org\junit\jupiter\junit-jupiter-engine\5.10.2\junit-jupiter-engine-5.10.2.jar;C:\Users\rouki\.m2\repository\org\junit\platform\junit-platform-engine\1.10.2\junit-platform-engine-1.10.2.jar;C:\Users\rouki\.m2\repository\org\mockito\mockito-core\5.7.0\mockito-core-5.7.0.jar;C:\Users\rouki\.m2\repository\net\bytebuddy\byte-buddy-agent\1.14.16\byte-buddy-agent-1.14.16.jar;C:\Users\rouki\.m2\repository\org\objenesis\objenesis\3.3\objenesis-3.3.jar;C:\Users\rouki\.m2\repository\org\mockito\mockito-junit-jupiter\5.7.0\mockito-junit-jupiter-5.7.0.jar;C:\Users\rouki\.m2\repository\org\skyscreamer\jsonassert\1.5.1\jsonassert-1.5.1.jar;C:\Users\rouki\.m2\repository\com\vaadin\external\google\android-json\0.0.20131108.vaadin1\android-json-0.0.20131108.vaadin1.jar;C:\Users\rouki\.m2\repository\org\springframework\spring-core\6.1.8\spring-core-6.1.8.jar;C:\Users\rouki\.m2\repository\org\springframework\spring-jcl\6.1.8\spring-jcl-6.1.8.jar;C:\Users\rouki\.m2\repository\org\springframework\spring-test\6.1.8\spring-test-6.1.8.jar;C:\Users\rouki\.m2\repository\org\xmlunit\xmlunit-core\2.9.1\xmlunit-core-2.9.1.jar;C:\Users\rouki\.m2\repository\org\springdoc\springdoc-openapi-starter-webmvc-ui\2.5.0\springdoc-openapi-starter-webmvc-ui-2.5.0.jar;C:\Users\rouki\.m2\repository\org\springdoc\springdoc-openapi-starter-webmvc-api\2.5.0\springdoc-openapi-starter-webmvc-api-2.5.0.jar;C:\Users\rouki\.m2\repository\org\springdoc\springdoc-openapi-starter-common\2.5.0\springdoc-openapi-starter-common-2.5.0.jar;C:\Users\rouki\.m2\repository\io\swagger\core\v3\swagger-core-jakarta\2.2.21\swagger-core-jakarta-2.2.21.jar;C:\Users\rouki\.m2\repository\org\apache\commons\commons-lang3\3.13.0\commons-lang3-3.13.0.jar;C:\Users\rouki\.m2\repository\io\swagger\core\v3\swagger-annotations-jakarta\2.2.21\swagger-annotations-jakarta-2.2.21.jar;C:\Users\rouki\.m2\repository\io\swagger\core\v3\swagger-models-jakarta\2.2.21\swagger-models-jakarta-2.2.21.jar;C:\Users\rouki\.m2\repository\com\fasterxml\jackson\dataformat\jackson-dataformat-yaml\2.15.4\jackson-dataformat-yaml-2.15.4.jar;C:\Users\rouki\.m2\repository\org\webjars\swagger-ui\5.13.0\swagger-ui-5.13.0.jar;C:\Users\rouki\.m2\repository\org\springframework\boot\spring-boot-devtools\3.2.6\spring-boot-devtools-3.2.6.jar;C:\Users\rouki\.m2\repository\org\springframework\boot\spring-boot\3.2.6\spring-boot-3.2.6.jar;C:\Users\rouki\.m2\repository\org\springframework\boot\spring-boot-autoconfigure\3.2.6\spring-boot-autoconfigure-3.2.6.jar;C:\Users\rouki\.m2\repository\org\testcontainers\oracle-xe\1.19.7\oracle-xe-1.19.7.jar;C:\Users\rouki\.m2\repository\org\testcontainers\jdbc\1.19.8\jdbc-1.19.8.jar;C:\Users\rouki\.m2\repository\org\testcontainers\database-commons\1.19.8\database-commons-1.19.8.jar;C:\Users\rouki\.m2\repository\org\testcontainers\testcontainers\1.19.8\testcontainers-1.19.8.jar;C:\Users\rouki\.m2\repository\junit\junit\4.13.2\junit-4.13.2.jar;C:\Users\rouki\.m2\repository\org\hamcrest\hamcrest-core\2.2\hamcrest-core-2.2.jar;C:\Users\rouki\.m2\repository\org\apache\commons\commons-compress\1.24.0\commons-compress-1.24.0.jar;C:\Users\rouki\.m2\repository\org\rnorth\duct-tape\duct-tape\1.0.8\duct-tape-1.0.8.jar;C:\Users\rouki\.m2\repository\org\jetbrains\annotations\17.0.0\annotations-17.0.0.jar;C:\Users\rouki\.m2\repository\com\github\docker-java\docker-java-api\3.3.6\docker-java-api-3.3.6.jar;C:\Users\rouki\.m2\repository\com\github\docker-java\docker-java-transport-zerodep\3.3.6\docker-java-transport-zerodep-3.3.6.jar;C:\Users\rouki\.m2\repository\com\github\docker-java\docker-java-transport\3.3.6\docker-java-transport-3.3.6.jar;C:\Users\rouki\.m2\repository\net\java\dev\jna\jna\5.13.0\jna-5.13.0.jar;"/>
    <property name="sun.cpu.endian" value="little"/>
    <property name="user.home" value="C:\Users\rouki"/>
    <property name="user.language" value="en"/>
    <property name="java.specification.vendor" value="Oracle Corporation"/>
    <property name="java.version.date" value="2025-04-15"/>
    <property name="java.home" value="C:\Program Files\Eclipse Adoptium\jdk-17.0.15.6-hotspot"/>
    <property name="file.separator" value="\"/>
    <property name="basedir" value="D:\i-Folder\TRAINING\1. Github Copilot\FSAF1GCopilotSpringBootAssignments\Assignment-20250710\ecommerce-platform"/>
    <property name="java.vm.compressedOopsMode" value="Zero based"/>
    <property name="line.separator" value="&#10;"/>
    <property name="java.vm.specification.vendor" value="Oracle Corporation"/>
    <property name="java.specification.name" value="Java Platform API Specification"/>
    <property name="FILE_LOG_CHARSET" value="windows-1252"/>
    <property name="java.awt.headless" value="true"/>
    <property name="surefire.real.class.path" value="C:\Users\rouki\AppData\Local\Temp\surefire15455940134476096366\surefirebooter-20250710233032560_3.jar"/>
    <property name="user.script" value=""/>
    <property name="sun.management.compiler" value="HotSpot 64-Bit Tiered Compilers"/>
    <property name="java.runtime.version" value="17.0.15+6"/>
    <property name="user.name" value="rouki"/>
    <property name="path.separator" value=";"/>
    <property name="os.version" value="10.0"/>
    <property name="java.runtime.name" value="OpenJDK Runtime Environment"/>
    <property name="file.encoding" value="Cp1252"/>
    <property name="java.vm.name" value="OpenJDK 64-Bit Server VM"/>
    <property name="java.vendor.version" value="Temurin-17.0.15+6"/>
    <property name="localRepository" value="C:\Users\rouki\.m2\repository"/>
    <property name="java.vendor.url.bug" value="https://github.com/adoptium/adoptium-support/issues"/>
    <property name="java.io.tmpdir" value="C:\Users\rouki\AppData\Local\Temp\"/>
    <property name="com.zaxxer.hikari.pool_number" value="2"/>
    <property name="java.version" value="17.0.15"/>
    <property name="user.dir" value="D:\i-Folder\TRAINING\1. Github Copilot\FSAF1GCopilotSpringBootAssignments\Assignment-20250710\ecommerce-platform"/>
    <property name="os.arch" value="amd64"/>
    <property name="java.vm.specification.name" value="Java Virtual Machine Specification"/>
    <property name="PID" value="22320"/>
    <property name="sun.os.patch.level" value=""/>
    <property name="CONSOLE_LOG_CHARSET" value="windows-1252"/>
    <property name="native.encoding" value="Cp1252"/>
    <property name="java.library.path" value="C:\Program Files\Eclipse Adoptium\jdk-17.0.15.6-hotspot\bin;C:\WINDOWS\Sun\Java\bin;C:\WINDOWS\system32;C:\WINDOWS;C:\Program Files\Eclipse Adoptium\jdk-17.0.15.6-hotspot\bin;C:\Program Files (x86)\Common Files\Oracle\Java\javapath;C:\Program Files\Python311\Scripts\;C:\Program Files\Python311\;C:\Oracle\bin;C:\WINDOWS\system32;C:\WINDOWS;C:\WINDOWS\System32\Wbem;C:\WINDOWS\System32\WindowsPowerShell\v1.0\;C:\WINDOWS\System32\OpenSSH\;C:\Program Files\dotnet\;C:\Program Files\Git\cmd;C:\Users\rouki\AppData\Local\Programs\Python\Python311\Scripts;C:\Users\rouki\AppData\Local\Programs\Python\Python311\;C:\ffmpeg\ffmpeg-7.1.1-essentials_build\bin;C:\Program Files\nodejs\;C:\apache-maven-3.9.10\bin;C:\Users\rouki\AppData\Local\Microsoft\WindowsApps;C:\Users\rouki\AppData\Local\Programs\Microsoft VS Code\bin;C:\Users\rouki\AppData\Local\Google\Cloud SDK\google-cloud-sdk\bin;C:\ffmpeg\ffmpeg-7.1.1-essentials_build\bin;C:\Users\rouki\AppData\Roaming\npm;C:\apache-maven-3.9.10\bin;C:\Program Files\Eclipse Adoptium\jdk-17.0.15.6-hotspot\bin;;c:\Users\rouki\AppData\Roaming\Code\User\globalStorage\github.copilot-chat\debugCommand;."/>
    <property name="java.vm.info" value="mixed mode, sharing"/>
    <property name="java.vendor" value="Eclipse Adoptium"/>
    <property name="java.vm.version" value="17.0.15+6"/>
    <property name="java.specification.maintenance.version" value="1"/>
    <property name="sun.io.unicode.encoding" value="UnicodeLittle"/>
    <property name="java.class.version" value="61.0"/>
  </properties>
  <testcase name="testSearchProducts_WithHighMaxPrice_ShouldReturnAllMatchingProducts" classname="com.example.repository.ProductRepositoryTest" time="0.199">
    <system-out><![CDATA[2025-07-10T23:30:44.783+07:00  INFO 22320 --- [           main] t.c.s.AnnotationConfigContextLoaderUtils : Could not detect default configuration classes for test class [com.example.repository.ProductRepositoryTest]: ProductRepositoryTest does not declare any static, non-private, non-final, nested classes annotated with @Configuration.
2025-07-10T23:30:44.808+07:00  INFO 22320 --- [           main] .b.t.c.SpringBootTestContextBootstrapper : Found @SpringBootConfiguration com.example.RunApplication for test class com.example.repository.ProductRepositoryTest
2025-07-10T23:30:44.810+07:00  INFO 22320 --- [           main] o.s.b.d.r.RestartApplicationListener     : Restart disabled due to context in which it is running

  .   ____          _            __ _ _
 /\\ / ___'_ __ _ _(_)_ __  __ _ \ \ \ \
( ( )\___ | '_ | '_| | '_ \/ _` | \ \ \ \
 \\/  ___)| |_)| | | | | || (_| |  ) ) ) )
  '  |____| .__|_| |_|_| |_\__, | / / / /
 =========|_|==============|___/=/_/_/_/
 :: Spring Boot ::                (v3.2.6)

2025-07-10T23:30:44.829+07:00  INFO 22320 --- [           main] c.e.repository.ProductRepositoryTest     : Starting ProductRepositoryTest using Java 17.0.15 with PID 22320 (started by rouki in D:\i-Folder\TRAINING\1. Github Copilot\FSAF1GCopilotSpringBootAssignments\Assignment-20250710\ecommerce-platform)
2025-07-10T23:30:44.829+07:00  INFO 22320 --- [           main] c.e.repository.ProductRepositoryTest     : No active profile set, falling back to 1 default profile: "default"
2025-07-10T23:30:44.898+07:00  INFO 22320 --- [           main] .s.d.r.c.RepositoryConfigurationDelegate : Bootstrapping Spring Data JPA repositories in DEFAULT mode.
2025-07-10T23:30:44.915+07:00  INFO 22320 --- [           main] .s.d.r.c.RepositoryConfigurationDelegate : Finished Spring Data repository scanning in 16 ms. Found 5 JPA repository interfaces.
2025-07-10T23:30:44.958+07:00  INFO 22320 --- [           main] o.hibernate.jpa.internal.util.LogHelper  : HHH000204: Processing PersistenceUnitInfo [name: default]
2025-07-10T23:30:44.961+07:00  INFO 22320 --- [           main] o.h.c.internal.RegionFactoryInitiator    : HHH000026: Second-level cache disabled
2025-07-10T23:30:44.964+07:00  INFO 22320 --- [           main] o.s.o.j.p.SpringPersistenceUnitInfo      : No LoadTimeWeaver setup: ignoring JPA class transformer
2025-07-10T23:30:44.965+07:00  INFO 22320 --- [           main] com.zaxxer.hikari.HikariDataSource       : HikariPool-2 - Starting...
2025-07-10T23:30:45.012+07:00  INFO 22320 --- [           main] com.zaxxer.hikari.pool.HikariPool        : HikariPool-2 - Added connection oracle.jdbc.driver.T4CConnection@244991f0
2025-07-10T23:30:45.013+07:00  INFO 22320 --- [           main] com.zaxxer.hikari.HikariDataSource       : HikariPool-2 - Start completed.
2025-07-10T23:30:45.015+07:00  WARN 22320 --- [           main] org.hibernate.orm.deprecation            : HHH90000025: OracleDialect does not need to be specified explicitly using 'hibernate.dialect' (remove the property setting and it will be selected by default)
2025-07-10T23:30:45.170+07:00  INFO 22320 --- [           main] o.h.e.t.j.p.i.JtaPlatformInitiator       : HHH000489: No JTA platform available (set 'hibernate.transaction.jta.platform' to enable JTA platform integration)
Hibernate: 
    drop table categories cascade constraints
Hibernate: 
    drop table customers cascade constraints
Hibernate: 
    drop table order_items cascade constraints
Hibernate: 
    drop table orders cascade constraints
Hibernate: 
    drop table products cascade constraints
Hibernate: 
    drop table reviews cascade constraints
Hibernate: 
    drop table users cascade constraints
Hibernate: 
    drop sequence category_seq
Hibernate: 
    drop sequence customer_seq
Hibernate: 
    drop sequence order_item_seq
Hibernate: 
    drop sequence order_seq
Hibernate: 
    drop sequence product_seq
Hibernate: 
    drop sequence review_seq
Hibernate: 
    drop sequence user_seq
Hibernate: 
    create sequence category_seq start with 1 increment by 1
Hibernate: 
    create sequence customer_seq start with 1 increment by 1
Hibernate: 
    create sequence order_item_seq start with 1 increment by 1
Hibernate: 
    create sequence order_seq start with 1 increment by 1
Hibernate: 
    create sequence product_seq start with 1 increment by 1
Hibernate: 
    create sequence review_seq start with 1 increment by 1
Hibernate: 
    create sequence user_seq start with 1 increment by 1
Hibernate: 
    create table categories (
        id number(19,0) not null,
        parent_id number(19,0),
        name varchar2(100 char) not null,
        primary key (id)
    )
Hibernate: 
    create table customers (
        created_at timestamp(6) not null,
        id number(19,0) not null,
        updated_at timestamp(6),
        name varchar2(100 char) not null,
        address varchar2(255 char) not null,
        email varchar2(255 char) not null unique,
        password varchar2(255 char) not null,
        phone varchar2(255 char) not null,
        primary key (id)
    )
Hibernate: 
    create table order_items (
        price number(38,2) not null,
        quantity number(10,0) not null,
        id number(19,0) not null,
        order_id number(19,0) not null,
        product_id number(19,0) not null,
        primary key (id)
    )
Hibernate: 
    create table orders (
        total_amount number(38,2) not null,
        created_at timestamp(6) not null,
        customer_id number(19,0) not null,
        id number(19,0) not null,
        updated_at timestamp(6),
        user_id number(19,0) not null,
        status varchar2(255 char) not null,
        primary key (id)
    )
Hibernate: 
    create table products (
        price number(38,2) not null,
        stock number(10,0) not null,
        category_id number(19,0) not null,
        created_at timestamp(6) not null,
        id number(19,0) not null,
        updated_at timestamp(6),
        name varchar2(100 char) not null,
        primary key (id)
    )
Hibernate: 
    create table reviews (
        rating number(10,0) not null,
        created_at timestamp(6) not null,
        customer_id number(19,0) not null,
        id number(19,0) not null,
        product_id number(19,0) not null,
        updated_at timestamp(6),
        review_cont varchar2(1000 char),
        primary key (id),
        check (rating >= 1 AND rating <= 5)
    )
Hibernate: 
    create table users (
        id number(19,0) not null,
        name varchar2(50 char),
        email varchar2(255 char),
        primary key (id)
    )
Hibernate: 
    alter table categories 
       add constraint FKsaok720gsu4u2wrgbk10b5n8d 
       foreign key (parent_id) 
       references categories
Hibernate: 
    alter table order_items 
       add constraint FKbioxgbv59vetrxe0ejfubep1w 
       foreign key (order_id) 
       references orders
Hibernate: 
    alter table order_items 
       add constraint FKocimc7dtr037rh4ls4l95nlfi 
       foreign key (product_id) 
       references products
Hibernate: 
    alter table orders 
       add constraint FKpxtb8awmi0dk6smoh2vp1litg 
       foreign key (customer_id) 
       references customers
Hibernate: 
    alter table orders 
       add constraint FK32ql8ubntj5uh44ph9659tiih 
       foreign key (user_id) 
       references users
Hibernate: 
    alter table products 
       add constraint FKog2rp4qthbtt2lfyhfo32lsw9 
       foreign key (category_id) 
       references categories
Hibernate: 
    alter table reviews 
       add constraint FK4sm0k8kw740iyuex3vwwv1etu 
       foreign key (customer_id) 
       references customers
Hibernate: 
    alter table reviews 
       add constraint FKpl51cejpw4gy5swfar8br9ngi 
       foreign key (product_id) 
       references products
2025-07-10T23:30:45.480+07:00  INFO 22320 --- [           main] j.LocalContainerEntityManagerFactoryBean : Initialized JPA EntityManagerFactory for persistence unit 'default'
2025-07-10T23:30:45.571+07:00  INFO 22320 --- [           main] c.e.repository.ProductRepositoryTest     : Started ProductRepositoryTest in 0.761 seconds (process running for 12.911)
Hibernate: 
    delete 
    from
        order_items oi1_0
Hibernate: 
    delete 
    from
        orders o1_0
Hibernate: 
    delete 
    from
        products p1_0
Hibernate: 
    delete 
    from
        categories c1_0
Hibernate: 
    select
        category_seq.nextval 
    from
        dual
Hibernate: 
    insert 
    into
        categories
        (name, parent_id, id) 
    values
        (?, ?, ?)
Hibernate: 
    select
        product_seq.nextval 
    from
        dual
Hibernate: 
    insert 
    into
        products
        (category_id, created_at, name, price, stock, updated_at, id) 
    values
        (?, ?, ?, ?, ?, ?, ?)
Hibernate: 
    select
        product_seq.nextval 
    from
        dual
Hibernate: 
    insert 
    into
        products
        (category_id, created_at, name, price, stock, updated_at, id) 
    values
        (?, ?, ?, ?, ?, ?, ?)
Hibernate: 
    select
        product_seq.nextval 
    from
        dual
Hibernate: 
    insert 
    into
        products
        (category_id, created_at, name, price, stock, updated_at, id) 
    values
        (?, ?, ?, ?, ?, ?, ?)
Hibernate: 
    select
        p1_0.id,
        p1_0.category_id,
        p1_0.created_at,
        p1_0.name,
        p1_0.price,
        p1_0.stock,
        p1_0.updated_at 
    from
        products p1_0 
    where
        lower(p1_0.name) like lower(('%'||?||'%')) 
        and p1_0.price<=? 
    offset
        ? rows 
    fetch
        first ? rows only
]]></system-out>
  </testcase>
  <testcase name="testSearchProducts_WithPartialKeyword_ShouldReturnMatchingProducts" classname="com.example.repository.ProductRepositoryTest" time="0.028">
    <system-out><![CDATA[Hibernate: 
    delete 
    from
        order_items oi1_0
Hibernate: 
    delete 
    from
        orders o1_0
Hibernate: 
    delete 
    from
        products p1_0
Hibernate: 
    delete 
    from
        categories c1_0
Hibernate: 
    select
        category_seq.nextval 
    from
        dual
Hibernate: 
    insert 
    into
        categories
        (name, parent_id, id) 
    values
        (?, ?, ?)
Hibernate: 
    select
        product_seq.nextval 
    from
        dual
Hibernate: 
    insert 
    into
        products
        (category_id, created_at, name, price, stock, updated_at, id) 
    values
        (?, ?, ?, ?, ?, ?, ?)
Hibernate: 
    select
        product_seq.nextval 
    from
        dual
Hibernate: 
    insert 
    into
        products
        (category_id, created_at, name, price, stock, updated_at, id) 
    values
        (?, ?, ?, ?, ?, ?, ?)
Hibernate: 
    select
        product_seq.nextval 
    from
        dual
Hibernate: 
    insert 
    into
        products
        (category_id, created_at, name, price, stock, updated_at, id) 
    values
        (?, ?, ?, ?, ?, ?, ?)
Hibernate: 
    select
        p1_0.id,
        p1_0.category_id,
        p1_0.created_at,
        p1_0.name,
        p1_0.price,
        p1_0.stock,
        p1_0.updated_at 
    from
        products p1_0 
    where
        lower(p1_0.name) like lower(('%'||?||'%')) 
        and p1_0.price<=? 
    offset
        ? rows 
    fetch
        first ? rows only
]]></system-out>
  </testcase>
  <testcase name="testSearchProducts_WithKeywordCaseInsensitive_ShouldReturnMatchingProducts" classname="com.example.repository.ProductRepositoryTest" time="0.02">
    <system-out><![CDATA[Hibernate: 
    delete 
    from
        order_items oi1_0
Hibernate: 
    delete 
    from
        orders o1_0
Hibernate: 
    delete 
    from
        products p1_0
Hibernate: 
    delete 
    from
        categories c1_0
Hibernate: 
    select
        category_seq.nextval 
    from
        dual
Hibernate: 
    insert 
    into
        categories
        (name, parent_id, id) 
    values
        (?, ?, ?)
Hibernate: 
    select
        product_seq.nextval 
    from
        dual
Hibernate: 
    insert 
    into
        products
        (category_id, created_at, name, price, stock, updated_at, id) 
    values
        (?, ?, ?, ?, ?, ?, ?)
Hibernate: 
    select
        product_seq.nextval 
    from
        dual
Hibernate: 
    insert 
    into
        products
        (category_id, created_at, name, price, stock, updated_at, id) 
    values
        (?, ?, ?, ?, ?, ?, ?)
Hibernate: 
    select
        product_seq.nextval 
    from
        dual
Hibernate: 
    insert 
    into
        products
        (category_id, created_at, name, price, stock, updated_at, id) 
    values
        (?, ?, ?, ?, ?, ?, ?)
Hibernate: 
    select
        p1_0.id,
        p1_0.category_id,
        p1_0.created_at,
        p1_0.name,
        p1_0.price,
        p1_0.stock,
        p1_0.updated_at 
    from
        products p1_0 
    where
        lower(p1_0.name) like lower(('%'||?||'%')) 
        and p1_0.price<=? 
    offset
        ? rows 
    fetch
        first ? rows only
]]></system-out>
  </testcase>
  <testcase name="testSearchProducts_WithPagination_ShouldReturnCorrectPage" classname="com.example.repository.ProductRepositoryTest" time="0.031">
    <system-out><![CDATA[Hibernate: 
    delete 
    from
        order_items oi1_0
Hibernate: 
    delete 
    from
        orders o1_0
Hibernate: 
    delete 
    from
        products p1_0
Hibernate: 
    delete 
    from
        categories c1_0
Hibernate: 
    select
        category_seq.nextval 
    from
        dual
Hibernate: 
    insert 
    into
        categories
        (name, parent_id, id) 
    values
        (?, ?, ?)
Hibernate: 
    select
        product_seq.nextval 
    from
        dual
Hibernate: 
    insert 
    into
        products
        (category_id, created_at, name, price, stock, updated_at, id) 
    values
        (?, ?, ?, ?, ?, ?, ?)
Hibernate: 
    select
        product_seq.nextval 
    from
        dual
Hibernate: 
    insert 
    into
        products
        (category_id, created_at, name, price, stock, updated_at, id) 
    values
        (?, ?, ?, ?, ?, ?, ?)
Hibernate: 
    select
        product_seq.nextval 
    from
        dual
Hibernate: 
    insert 
    into
        products
        (category_id, created_at, name, price, stock, updated_at, id) 
    values
        (?, ?, ?, ?, ?, ?, ?)
Hibernate: 
    select
        p1_0.id,
        p1_0.category_id,
        p1_0.created_at,
        p1_0.name,
        p1_0.price,
        p1_0.stock,
        p1_0.updated_at 
    from
        products p1_0 
    where
        lower(p1_0.name) like lower(('%'||?||'%')) 
        and p1_0.price<=? 
    offset
        ? rows 
    fetch
        first ? rows only
Hibernate: 
    select
        count(p1_0.id) 
    from
        products p1_0 
    where
        lower(p1_0.name) like lower(('%'||?||'%')) 
        and p1_0.price<=?
]]></system-out>
  </testcase>
  <testcase name="testSearchProducts_WithKeywordAndMaxPrice_ShouldReturnMatchingProducts" classname="com.example.repository.ProductRepositoryTest" time="0.023">
    <system-out><![CDATA[Hibernate: 
    delete 
    from
        order_items oi1_0
Hibernate: 
    delete 
    from
        orders o1_0
Hibernate: 
    delete 
    from
        products p1_0
Hibernate: 
    delete 
    from
        categories c1_0
Hibernate: 
    select
        category_seq.nextval 
    from
        dual
Hibernate: 
    insert 
    into
        categories
        (name, parent_id, id) 
    values
        (?, ?, ?)
Hibernate: 
    select
        product_seq.nextval 
    from
        dual
Hibernate: 
    insert 
    into
        products
        (category_id, created_at, name, price, stock, updated_at, id) 
    values
        (?, ?, ?, ?, ?, ?, ?)
Hibernate: 
    select
        product_seq.nextval 
    from
        dual
Hibernate: 
    insert 
    into
        products
        (category_id, created_at, name, price, stock, updated_at, id) 
    values
        (?, ?, ?, ?, ?, ?, ?)
Hibernate: 
    select
        product_seq.nextval 
    from
        dual
Hibernate: 
    insert 
    into
        products
        (category_id, created_at, name, price, stock, updated_at, id) 
    values
        (?, ?, ?, ?, ?, ?, ?)
Hibernate: 
    select
        p1_0.id,
        p1_0.category_id,
        p1_0.created_at,
        p1_0.name,
        p1_0.price,
        p1_0.stock,
        p1_0.updated_at 
    from
        products p1_0 
    where
        lower(p1_0.name) like lower(('%'||?||'%')) 
        and p1_0.price<=? 
    offset
        ? rows 
    fetch
        first ? rows only
]]></system-out>
  </testcase>
  <testcase name="testSearchProducts_WithVeryLowMaxPrice_ShouldReturnEmptyPage" classname="com.example.repository.ProductRepositoryTest" time="0.018">
    <system-out><![CDATA[Hibernate: 
    delete 
    from
        order_items oi1_0
Hibernate: 
    delete 
    from
        orders o1_0
Hibernate: 
    delete 
    from
        products p1_0
Hibernate: 
    delete 
    from
        categories c1_0
Hibernate: 
    select
        category_seq.nextval 
    from
        dual
Hibernate: 
    insert 
    into
        categories
        (name, parent_id, id) 
    values
        (?, ?, ?)
Hibernate: 
    select
        product_seq.nextval 
    from
        dual
Hibernate: 
    insert 
    into
        products
        (category_id, created_at, name, price, stock, updated_at, id) 
    values
        (?, ?, ?, ?, ?, ?, ?)
Hibernate: 
    select
        product_seq.nextval 
    from
        dual
Hibernate: 
    insert 
    into
        products
        (category_id, created_at, name, price, stock, updated_at, id) 
    values
        (?, ?, ?, ?, ?, ?, ?)
Hibernate: 
    select
        product_seq.nextval 
    from
        dual
Hibernate: 
    insert 
    into
        products
        (category_id, created_at, name, price, stock, updated_at, id) 
    values
        (?, ?, ?, ?, ?, ?, ?)
Hibernate: 
    select
        p1_0.id,
        p1_0.category_id,
        p1_0.created_at,
        p1_0.name,
        p1_0.price,
        p1_0.stock,
        p1_0.updated_at 
    from
        products p1_0 
    where
        lower(p1_0.name) like lower(('%'||?||'%')) 
        and p1_0.price<=? 
    offset
        ? rows 
    fetch
        first ? rows only
]]></system-out>
  </testcase>
  <testcase name="testSearchProducts_WithNoMatchingKeyword_ShouldReturnEmptyPage" classname="com.example.repository.ProductRepositoryTest" time="0.021">
    <system-out><![CDATA[Hibernate: 
    delete 
    from
        order_items oi1_0
Hibernate: 
    delete 
    from
        orders o1_0
Hibernate: 
    delete 
    from
        products p1_0
Hibernate: 
    delete 
    from
        categories c1_0
Hibernate: 
    select
        category_seq.nextval 
    from
        dual
Hibernate: 
    insert 
    into
        categories
        (name, parent_id, id) 
    values
        (?, ?, ?)
Hibernate: 
    select
        product_seq.nextval 
    from
        dual
Hibernate: 
    insert 
    into
        products
        (category_id, created_at, name, price, stock, updated_at, id) 
    values
        (?, ?, ?, ?, ?, ?, ?)
Hibernate: 
    select
        product_seq.nextval 
    from
        dual
Hibernate: 
    insert 
    into
        products
        (category_id, created_at, name, price, stock, updated_at, id) 
    values
        (?, ?, ?, ?, ?, ?, ?)
Hibernate: 
    select
        product_seq.nextval 
    from
        dual
Hibernate: 
    insert 
    into
        products
        (category_id, created_at, name, price, stock, updated_at, id) 
    values
        (?, ?, ?, ?, ?, ?, ?)
Hibernate: 
    select
        p1_0.id,
        p1_0.category_id,
        p1_0.created_at,
        p1_0.name,
        p1_0.price,
        p1_0.stock,
        p1_0.updated_at 
    from
        products p1_0 
    where
        lower(p1_0.name) like lower(('%'||?||'%')) 
        and p1_0.price<=? 
    offset
        ? rows 
    fetch
        first ? rows only
]]></system-out>
  </testcase>
  <testcase name="testSearchProducts_WithLowMaxPrice_ShouldFilterByPrice" classname="com.example.repository.ProductRepositoryTest" time="0.019">
    <system-out><![CDATA[Hibernate: 
    delete 
    from
        order_items oi1_0
Hibernate: 
    delete 
    from
        orders o1_0
Hibernate: 
    delete 
    from
        products p1_0
Hibernate: 
    delete 
    from
        categories c1_0
Hibernate: 
    select
        category_seq.nextval 
    from
        dual
Hibernate: 
    insert 
    into
        categories
        (name, parent_id, id) 
    values
        (?, ?, ?)
Hibernate: 
    select
        product_seq.nextval 
    from
        dual
Hibernate: 
    insert 
    into
        products
        (category_id, created_at, name, price, stock, updated_at, id) 
    values
        (?, ?, ?, ?, ?, ?, ?)
Hibernate: 
    select
        product_seq.nextval 
    from
        dual
Hibernate: 
    insert 
    into
        products
        (category_id, created_at, name, price, stock, updated_at, id) 
    values
        (?, ?, ?, ?, ?, ?, ?)
Hibernate: 
    select
        product_seq.nextval 
    from
        dual
Hibernate: 
    insert 
    into
        products
        (category_id, created_at, name, price, stock, updated_at, id) 
    values
        (?, ?, ?, ?, ?, ?, ?)
Hibernate: 
    select
        p1_0.id,
        p1_0.category_id,
        p1_0.created_at,
        p1_0.name,
        p1_0.price,
        p1_0.stock,
        p1_0.updated_at 
    from
        products p1_0 
    where
        lower(p1_0.name) like lower(('%'||?||'%')) 
        and p1_0.price<=? 
    offset
        ? rows 
    fetch
        first ? rows only
]]></system-out>
  </testcase>
  <testcase name="testSearchProducts_WithSecondPage_ShouldReturnRemainingItems" classname="com.example.repository.ProductRepositoryTest" time="0.017">
    <system-out><![CDATA[Hibernate: 
    delete 
    from
        order_items oi1_0
Hibernate: 
    delete 
    from
        orders o1_0
Hibernate: 
    delete 
    from
        products p1_0
Hibernate: 
    delete 
    from
        categories c1_0
Hibernate: 
    select
        category_seq.nextval 
    from
        dual
Hibernate: 
    insert 
    into
        categories
        (name, parent_id, id) 
    values
        (?, ?, ?)
Hibernate: 
    select
        product_seq.nextval 
    from
        dual
Hibernate: 
    insert 
    into
        products
        (category_id, created_at, name, price, stock, updated_at, id) 
    values
        (?, ?, ?, ?, ?, ?, ?)
Hibernate: 
    select
        product_seq.nextval 
    from
        dual
Hibernate: 
    insert 
    into
        products
        (category_id, created_at, name, price, stock, updated_at, id) 
    values
        (?, ?, ?, ?, ?, ?, ?)
Hibernate: 
    select
        product_seq.nextval 
    from
        dual
Hibernate: 
    insert 
    into
        products
        (category_id, created_at, name, price, stock, updated_at, id) 
    values
        (?, ?, ?, ?, ?, ?, ?)
Hibernate: 
    select
        p1_0.id,
        p1_0.category_id,
        p1_0.created_at,
        p1_0.name,
        p1_0.price,
        p1_0.stock,
        p1_0.updated_at 
    from
        products p1_0 
    where
        lower(p1_0.name) like lower(('%'||?||'%')) 
        and p1_0.price<=? 
    offset
        ? rows 
    fetch
        first ? rows only
]]></system-out>
  </testcase>
</testsuite>